<?xml version="1.0" encoding="UTF-8"?>
<!-- Generated by org.testng.reporters.JUnitReportReporter -->
<testsuite hostname="HarishT-PC" name="com.example.jcoco.StudyGroupTest" tests="1" failures="0" timestamp="7 Oct 2016 05:25:05 GMT" time="0.016" errors="0">
  <testcase name="testStudyGroupClass" time="0.016" classname="com.example.jcoco.StudyGroupTest"/>
</testsuite> <!-- com.example.jcoco.StudyGroupTest -->
